<?xml version="1.0" encoding="UTF-8"?>
<testsuite xmlns:xsi="http://www.w3.org/2001/XMLSchema-instance" xsi:noNamespaceSchemaLocation="https://maven.apache.org/surefire/maven-surefire-plugin/xsd/surefire-test-report.xsd" name="com.mycompany.app.AppTest" time="0.106" tests="13" errors="0" skipped="0" failures="0">
  <properties>
    <property name="gopherProxySet" value="false"/>
    <property name="awt.toolkit" value="sun.lwawt.macosx.LWCToolkit"/>
    <property name="file.encoding.pkg" value="sun.io"/>
    <property name="java.specification.version" value="1.8"/>
    <property name="sun.cpu.isalist" value=""/>
    <property name="sun.jnu.encoding" value="UTF-8"/>
    <property name="java.class.path" value="/Users/junna/Documents/aA-Projects/JUnit/Joanna_Chen_Liferay_Technical_Challenge/target/test-classes:/Users/junna/Documents/aA-Projects/JUnit/Joanna_Chen_Liferay_Technical_Challenge/target/classes:/Users/junna/.m2/repository/junit/junit/4.11/junit-4.11.jar:/Users/junna/.m2/repository/org/hamcrest/hamcrest-core/1.3/hamcrest-core-1.3.jar:"/>
    <property name="java.vm.vendor" value="AdoptOpenJDK"/>
    <property name="sun.arch.data.model" value="64"/>
    <property name="java.vendor.url" value="http://java.oracle.com/"/>
    <property name="user.timezone" value=""/>
    <property name="java.vm.specification.version" value="1.8"/>
    <property name="os.name" value="Mac OS X"/>
    <property name="user.country" value="US"/>
    <property name="sun.java.launcher" value="SUN_STANDARD"/>
    <property name="sun.boot.library.path" value="/Library/Java/JavaVirtualMachines/adoptopenjdk-8.jdk/Contents/Home/jre/lib"/>
    <property name="sun.java.command" value="/Users/junna/Documents/aA-Projects/JUnit/Joanna_Chen_Liferay_Technical_Challenge/target/surefire/surefirebooter6851746590003201291.jar /Users/junna/Documents/aA-Projects/JUnit/Joanna_Chen_Liferay_Technical_Challenge/target/surefire 2020-01-21T17-15-14_148-jvmRun1 surefire7649983598005242688tmp surefire_02275994602662717948tmp"/>
    <property name="http.nonProxyHosts" value="local|*.local|169.254/16|*.169.254/16"/>
    <property name="surefire.test.class.path" value="/Users/junna/Documents/aA-Projects/JUnit/Joanna_Chen_Liferay_Technical_Challenge/target/test-classes:/Users/junna/Documents/aA-Projects/JUnit/Joanna_Chen_Liferay_Technical_Challenge/target/classes:/Users/junna/.m2/repository/junit/junit/4.11/junit-4.11.jar:/Users/junna/.m2/repository/org/hamcrest/hamcrest-core/1.3/hamcrest-core-1.3.jar:"/>
    <property name="sun.cpu.endian" value="little"/>
    <property name="user.home" value="/Users/junna"/>
    <property name="user.language" value="en"/>
    <property name="java.specification.vendor" value="Oracle Corporation"/>
    <property name="java.home" value="/Library/Java/JavaVirtualMachines/adoptopenjdk-8.jdk/Contents/Home/jre"/>
    <property name="basedir" value="/Users/junna/Documents/aA-Projects/JUnit/Joanna_Chen_Liferay_Technical_Challenge"/>
    <property name="file.separator" value="/"/>
    <property name="line.separator" value="&#10;"/>
    <property name="java.vm.specification.vendor" value="Oracle Corporation"/>
    <property name="java.specification.name" value="Java Platform API Specification"/>
    <property name="java.awt.graphicsenv" value="sun.awt.CGraphicsEnvironment"/>
    <property name="surefire.real.class.path" value="/Users/junna/Documents/aA-Projects/JUnit/Joanna_Chen_Liferay_Technical_Challenge/target/surefire/surefirebooter6851746590003201291.jar"/>
    <property name="sun.boot.class.path" value="/Library/Java/JavaVirtualMachines/adoptopenjdk-8.jdk/Contents/Home/jre/lib/resources.jar:/Library/Java/JavaVirtualMachines/adoptopenjdk-8.jdk/Contents/Home/jre/lib/rt.jar:/Library/Java/JavaVirtualMachines/adoptopenjdk-8.jdk/Contents/Home/jre/lib/sunrsasign.jar:/Library/Java/JavaVirtualMachines/adoptopenjdk-8.jdk/Contents/Home/jre/lib/jsse.jar:/Library/Java/JavaVirtualMachines/adoptopenjdk-8.jdk/Contents/Home/jre/lib/jce.jar:/Library/Java/JavaVirtualMachines/adoptopenjdk-8.jdk/Contents/Home/jre/lib/charsets.jar:/Library/Java/JavaVirtualMachines/adoptopenjdk-8.jdk/Contents/Home/jre/lib/jfr.jar:/Library/Java/JavaVirtualMachines/adoptopenjdk-8.jdk/Contents/Home/jre/classes"/>
    <property name="sun.management.compiler" value="HotSpot 64-Bit Tiered Compilers"/>
    <property name="ftp.nonProxyHosts" value="local|*.local|169.254/16|*.169.254/16"/>
    <property name="java.runtime.version" value="1.8.0_232-b09"/>
    <property name="user.name" value="junna"/>
    <property name="path.separator" value=":"/>
    <property name="os.version" value="10.14.6"/>
    <property name="java.endorsed.dirs" value="/Library/Java/JavaVirtualMachines/adoptopenjdk-8.jdk/Contents/Home/jre/lib/endorsed"/>
    <property name="java.runtime.name" value="OpenJDK Runtime Environment"/>
    <property name="file.encoding" value="UTF-8"/>
    <property name="java.vm.name" value="OpenJDK 64-Bit Server VM"/>
    <property name="localRepository" value="/Users/junna/.m2/repository"/>
    <property name="java.vendor.url.bug" value="http://bugreport.sun.com/bugreport/"/>
    <property name="java.io.tmpdir" value="/var/folders/72/ptc63q4n3q3c1vzjxn9vpz000000gn/T/"/>
    <property name="java.version" value="1.8.0_232"/>
    <property name="user.dir" value="/Users/junna/Documents/aA-Projects/JUnit/Joanna_Chen_Liferay_Technical_Challenge"/>
    <property name="os.arch" value="x86_64"/>
    <property name="java.vm.specification.name" value="Java Virtual Machine Specification"/>
    <property name="java.awt.printerjob" value="sun.lwawt.macosx.CPrinterJob"/>
    <property name="sun.os.patch.level" value="unknown"/>
    <property name="java.library.path" value="/Users/junna/Library/Java/Extensions:/Library/Java/Extensions:/Network/Library/Java/Extensions:/System/Library/Java/Extensions:/usr/lib/java:."/>
    <property name="java.vm.info" value="mixed mode"/>
    <property name="java.vendor" value="AdoptOpenJDK"/>
    <property name="java.vm.version" value="25.232-b09"/>
    <property name="java.ext.dirs" value="/Users/junna/Library/Java/Extensions:/Library/Java/JavaVirtualMachines/adoptopenjdk-8.jdk/Contents/Home/jre/lib/ext:/Library/Java/Extensions:/Network/Library/Java/Extensions:/System/Library/Java/Extensions:/usr/lib/java"/>
    <property name="sun.io.unicode.encoding" value="UnicodeBig"/>
    <property name="java.class.version" value="52.0"/>
    <property name="socksNonProxyHosts" value="local|*.local|169.254/16|*.169.254/16"/>
  </properties>
  <testcase name="roundTax_ImportedBoxChocolates_ReturnsFiftyCents" classname="com.mycompany.app.AppTest" time="0.007"/>
  <testcase name="shouldAnswerWithTrue" classname="com.mycompany.app.AppTest" time="0"/>
  <testcase name="round_EightyFiveCents_ReturnsEightyFiveCents" classname="com.mycompany.app.AppTest" time="0.001"/>
  <testcase name="round_ZeroCents_ReturnsZeroCents" classname="com.mycompany.app.AppTest" time="0"/>
  <testcase name="roundTax_ImportedBottlePerfume_ReturnsFourDollarsTwentyCents" classname="com.mycompany.app.AppTest" time="0"/>
  <testcase name="roundTax_ImportedPerfume_ReturnsSevenDollarsFifteenCents" classname="com.mycompany.app.AppTest" time="0"/>
  <testcase name="roundTax_ChocolateBar_ReturnsZero" classname="com.mycompany.app.AppTest" time="0"/>
  <testcase name="round_HalfCent_ReturnsOneCent" classname="com.mycompany.app.AppTest" time="0"/>
  <testcase name="roundTax_PacketHeadachePills_ReturnsZero" classname="com.mycompany.app.AppTest" time="0"/>
  <testcase name="roundTax_MusicCD_ReturnsOneDollarFiftyCents" classname="com.mycompany.app.AppTest" time="0"/>
  <testcase name="roundTax_BottlePerfume_ReturnsOneDollarNinetyCents" classname="com.mycompany.app.AppTest" time="0"/>
  <testcase name="roundTax_ImportedBoxChocolates_ReturnsSixtyCents" classname="com.mycompany.app.AppTest" time="0"/>
  <testcase name="roundTax_Book_ReturnsZero" classname="com.mycompany.app.AppTest" time="0.001"/>
</testsuite>